<?xml version="1.0" encoding="UTF-8"?>
<testsuite xmlns:xsi="http://www.w3.org/2001/XMLSchema-instance" xsi:noNamespaceSchemaLocation="https://maven.apache.org/surefire/maven-surefire-plugin/xsd/surefire-test-report.xsd" name="com.identitye2e.tech.tests.DirectoryScannerApplicationTests" time="11.229" tests="2" errors="0" skipped="0" failures="0">
  <properties>
    <property name="sun.desktop" value="windows"/>
    <property name="awt.toolkit" value="sun.awt.windows.WToolkit"/>
    <property name="file.encoding.pkg" value="sun.io"/>
    <property name="java.specification.version" value="1.8"/>
    <property name="sun.cpu.isalist" value="amd64"/>
    <property name="sun.jnu.encoding" value="Cp1252"/>
    <property name="java.class.path" value="D:\Data\Identity\License-plate-automation\target\test-classes;D:\Data\Identity\License-plate-automation\target\classes;D:\Data\repository\org\springframework\boot\spring-boot-starter-web\1.5.10.RELEASE\spring-boot-starter-web-1.5.10.RELEASE.jar;D:\Data\repository\org\springframework\boot\spring-boot-starter\1.5.10.RELEASE\spring-boot-starter-1.5.10.RELEASE.jar;D:\Data\repository\org\springframework\boot\spring-boot\1.5.10.RELEASE\spring-boot-1.5.10.RELEASE.jar;D:\Data\repository\org\springframework\boot\spring-boot-autoconfigure\1.5.10.RELEASE\spring-boot-autoconfigure-1.5.10.RELEASE.jar;D:\Data\repository\org\springframework\boot\spring-boot-starter-logging\1.5.10.RELEASE\spring-boot-starter-logging-1.5.10.RELEASE.jar;D:\Data\repository\ch\qos\logback\logback-classic\1.1.11\logback-classic-1.1.11.jar;D:\Data\repository\ch\qos\logback\logback-core\1.1.11\logback-core-1.1.11.jar;D:\Data\repository\org\slf4j\jcl-over-slf4j\1.7.25\jcl-over-slf4j-1.7.25.jar;D:\Data\repository\org\slf4j\jul-to-slf4j\1.7.25\jul-to-slf4j-1.7.25.jar;D:\Data\repository\org\slf4j\log4j-over-slf4j\1.7.25\log4j-over-slf4j-1.7.25.jar;D:\Data\repository\org\yaml\snakeyaml\1.17\snakeyaml-1.17.jar;D:\Data\repository\org\springframework\boot\spring-boot-starter-tomcat\1.5.10.RELEASE\spring-boot-starter-tomcat-1.5.10.RELEASE.jar;D:\Data\repository\org\apache\tomcat\embed\tomcat-embed-core\8.5.27\tomcat-embed-core-8.5.27.jar;D:\Data\repository\org\apache\tomcat\tomcat-annotations-api\8.5.27\tomcat-annotations-api-8.5.27.jar;D:\Data\repository\org\apache\tomcat\embed\tomcat-embed-el\8.5.27\tomcat-embed-el-8.5.27.jar;D:\Data\repository\org\apache\tomcat\embed\tomcat-embed-websocket\8.5.27\tomcat-embed-websocket-8.5.27.jar;D:\Data\repository\org\hibernate\hibernate-validator\5.3.6.Final\hibernate-validator-5.3.6.Final.jar;D:\Data\repository\javax\validation\validation-api\1.1.0.Final\validation-api-1.1.0.Final.jar;D:\Data\repository\org\jboss\logging\jboss-logging\3.3.1.Final\jboss-logging-3.3.1.Final.jar;D:\Data\repository\com\fasterxml\classmate\1.3.4\classmate-1.3.4.jar;D:\Data\repository\com\fasterxml\jackson\core\jackson-databind\2.8.10\jackson-databind-2.8.10.jar;D:\Data\repository\com\fasterxml\jackson\core\jackson-annotations\2.8.0\jackson-annotations-2.8.0.jar;D:\Data\repository\com\fasterxml\jackson\core\jackson-core\2.8.10\jackson-core-2.8.10.jar;D:\Data\repository\org\springframework\spring-web\4.3.14.RELEASE\spring-web-4.3.14.RELEASE.jar;D:\Data\repository\org\springframework\spring-aop\4.3.14.RELEASE\spring-aop-4.3.14.RELEASE.jar;D:\Data\repository\org\springframework\spring-beans\4.3.14.RELEASE\spring-beans-4.3.14.RELEASE.jar;D:\Data\repository\org\springframework\spring-context\4.3.14.RELEASE\spring-context-4.3.14.RELEASE.jar;D:\Data\repository\org\springframework\spring-webmvc\4.3.14.RELEASE\spring-webmvc-4.3.14.RELEASE.jar;D:\Data\repository\org\springframework\spring-expression\4.3.14.RELEASE\spring-expression-4.3.14.RELEASE.jar;D:\Data\repository\org\springframework\boot\spring-boot-starter-test\1.5.10.RELEASE\spring-boot-starter-test-1.5.10.RELEASE.jar;D:\Data\repository\org\springframework\boot\spring-boot-test\1.5.10.RELEASE\spring-boot-test-1.5.10.RELEASE.jar;D:\Data\repository\org\springframework\boot\spring-boot-test-autoconfigure\1.5.10.RELEASE\spring-boot-test-autoconfigure-1.5.10.RELEASE.jar;D:\Data\repository\com\jayway\jsonpath\json-path\2.2.0\json-path-2.2.0.jar;D:\Data\repository\net\minidev\json-smart\2.2.1\json-smart-2.2.1.jar;D:\Data\repository\net\minidev\accessors-smart\1.1\accessors-smart-1.1.jar;D:\Data\repository\org\ow2\asm\asm\5.0.3\asm-5.0.3.jar;D:\Data\repository\org\slf4j\slf4j-api\1.7.25\slf4j-api-1.7.25.jar;D:\Data\repository\junit\junit\4.12\junit-4.12.jar;D:\Data\repository\org\assertj\assertj-core\2.6.0\assertj-core-2.6.0.jar;D:\Data\repository\org\mockito\mockito-core\1.10.19\mockito-core-1.10.19.jar;D:\Data\repository\org\objenesis\objenesis\2.1\objenesis-2.1.jar;D:\Data\repository\org\hamcrest\hamcrest-core\1.3\hamcrest-core-1.3.jar;D:\Data\repository\org\hamcrest\hamcrest-library\1.3\hamcrest-library-1.3.jar;D:\Data\repository\org\skyscreamer\jsonassert\1.4.0\jsonassert-1.4.0.jar;D:\Data\repository\com\vaadin\external\google\android-json\0.0.20131108.vaadin1\android-json-0.0.20131108.vaadin1.jar;D:\Data\repository\org\springframework\spring-core\4.3.14.RELEASE\spring-core-4.3.14.RELEASE.jar;D:\Data\repository\org\springframework\spring-test\4.3.14.RELEASE\spring-test-4.3.14.RELEASE.jar;D:\Data\repository\org\seleniumhq\selenium\selenium-java\3.8.1\selenium-java-3.8.1.jar;D:\Data\repository\org\seleniumhq\selenium\selenium-api\2.53.1\selenium-api-2.53.1.jar;D:\Data\repository\org\seleniumhq\selenium\selenium-chrome-driver\2.53.1\selenium-chrome-driver-2.53.1.jar;D:\Data\repository\org\seleniumhq\selenium\selenium-edge-driver\2.53.1\selenium-edge-driver-2.53.1.jar;D:\Data\repository\commons-io\commons-io\2.4\commons-io-2.4.jar;D:\Data\repository\org\seleniumhq\selenium\selenium-firefox-driver\2.53.1\selenium-firefox-driver-2.53.1.jar;D:\Data\repository\org\seleniumhq\selenium\selenium-ie-driver\2.53.1\selenium-ie-driver-2.53.1.jar;D:\Data\repository\net\java\dev\jna\jna\4.2.2\jna-4.2.2.jar;D:\Data\repository\net\java\dev\jna\jna-platform\4.2.2\jna-platform-4.2.2.jar;D:\Data\repository\org\seleniumhq\selenium\selenium-opera-driver\3.8.1\selenium-opera-driver-3.8.1.jar;D:\Data\repository\org\seleniumhq\selenium\selenium-remote-driver\2.53.1\selenium-remote-driver-2.53.1.jar;D:\Data\repository\cglib\cglib-nodep\2.1_3\cglib-nodep-2.1_3.jar;D:\Data\repository\org\seleniumhq\selenium\selenium-safari-driver\2.53.1\selenium-safari-driver-2.53.1.jar;D:\Data\repository\io\netty\netty\3.5.7.Final\netty-3.5.7.Final.jar;D:\Data\repository\org\seleniumhq\selenium\selenium-support\2.53.1\selenium-support-2.53.1.jar;D:\Data\repository\net\bytebuddy\byte-buddy\1.7.5\byte-buddy-1.7.5.jar;D:\Data\repository\org\apache\commons\commons-exec\1.3\commons-exec-1.3.jar;D:\Data\repository\commons-codec\commons-codec\1.10\commons-codec-1.10.jar;D:\Data\repository\commons-logging\commons-logging\1.2\commons-logging-1.2.jar;D:\Data\repository\com\google\code\gson\gson\2.8.2\gson-2.8.2.jar;D:\Data\repository\org\apache\httpcomponents\httpclient\4.5.5\httpclient-4.5.5.jar;D:\Data\repository\org\apache\httpcomponents\httpcore\4.4.9\httpcore-4.4.9.jar;D:\Data\repository\info\cukes\cucumber-java\1.2.5\cucumber-java-1.2.5.jar;D:\Data\repository\info\cukes\cucumber-core\1.2.5\cucumber-core-1.2.5.jar;D:\Data\repository\info\cukes\cucumber-html\0.2.3\cucumber-html-0.2.3.jar;D:\Data\repository\info\cukes\cucumber-jvm-deps\1.0.5\cucumber-jvm-deps-1.0.5.jar;D:\Data\repository\info\cukes\gherkin\2.12.2\gherkin-2.12.2.jar;D:\Data\repository\info\cukes\cucumber-junit\1.2.4\cucumber-junit-1.2.4.jar;D:\Data\repository\com\google\guava\guava\22.0\guava-22.0.jar;D:\Data\repository\com\google\code\findbugs\jsr305\1.3.9\jsr305-1.3.9.jar;D:\Data\repository\com\google\errorprone\error_prone_annotations\2.0.18\error_prone_annotations-2.0.18.jar;D:\Data\repository\com\google\j2objc\j2objc-annotations\1.1\j2objc-annotations-1.1.jar;D:\Data\repository\org\codehaus\mojo\animal-sniffer-annotations\1.14\animal-sniffer-annotations-1.14.jar;D:\Data\repository\io\rest-assured\rest-assured\3.0.7\rest-assured-3.0.7.jar;D:\Data\repository\org\codehaus\groovy\groovy\2.4.13\groovy-2.4.13.jar;D:\Data\repository\org\codehaus\groovy\groovy-xml\2.4.13\groovy-xml-2.4.13.jar;D:\Data\repository\org\apache\httpcomponents\httpmime\4.5.5\httpmime-4.5.5.jar;D:\Data\repository\org\ccil\cowan\tagsoup\tagsoup\1.2.1\tagsoup-1.2.1.jar;D:\Data\repository\io\rest-assured\xml-path\3.0.7\xml-path-3.0.7.jar;D:\Data\repository\org\apache\commons\commons-lang3\3.4\commons-lang3-3.4.jar;D:\Data\repository\javax\xml\bind\jaxb-api\2.2.12\jaxb-api-2.2.12.jar;D:\Data\repository\io\rest-assured\json-path\3.0.7\json-path-3.0.7.jar;D:\Data\repository\org\codehaus\groovy\groovy-json\2.4.13\groovy-json-2.4.13.jar;D:\Data\repository\io\rest-assured\rest-assured-common\3.0.7\rest-assured-common-3.0.7.jar;"/>
    <property name="java.vm.vendor" value="Oracle Corporation"/>
    <property name="sun.arch.data.model" value="64"/>
    <property name="user.variant" value=""/>
    <property name="java.vendor.url" value="http://java.oracle.com/"/>
    <property name="user.timezone" value=""/>
    <property name="java.vm.specification.version" value="1.8"/>
    <property name="os.name" value="Windows 7"/>
    <property name="user.country" value="GB"/>
    <property name="sun.java.launcher" value="SUN_STANDARD"/>
    <property name="sun.boot.library.path" value="C:\jdk1.8.0_102\jre\bin"/>
    <property name="sun.java.command" value="D:\Users\jraju\AppData\Local\Temp\surefire1161474451102667644\surefirebooter6680168566747662336.jar D:\Users\jraju\AppData\Local\Temp\surefire1161474451102667644 2018-03-03T16-39-01_121-jvmRun1 surefire4821763933883861654tmp surefire_0273798585299899923tmp"/>
    <property name="surefire.test.class.path" value="D:\Data\Identity\License-plate-automation\target\test-classes;D:\Data\Identity\License-plate-automation\target\classes;D:\Data\repository\org\springframework\boot\spring-boot-starter-web\1.5.10.RELEASE\spring-boot-starter-web-1.5.10.RELEASE.jar;D:\Data\repository\org\springframework\boot\spring-boot-starter\1.5.10.RELEASE\spring-boot-starter-1.5.10.RELEASE.jar;D:\Data\repository\org\springframework\boot\spring-boot\1.5.10.RELEASE\spring-boot-1.5.10.RELEASE.jar;D:\Data\repository\org\springframework\boot\spring-boot-autoconfigure\1.5.10.RELEASE\spring-boot-autoconfigure-1.5.10.RELEASE.jar;D:\Data\repository\org\springframework\boot\spring-boot-starter-logging\1.5.10.RELEASE\spring-boot-starter-logging-1.5.10.RELEASE.jar;D:\Data\repository\ch\qos\logback\logback-classic\1.1.11\logback-classic-1.1.11.jar;D:\Data\repository\ch\qos\logback\logback-core\1.1.11\logback-core-1.1.11.jar;D:\Data\repository\org\slf4j\jcl-over-slf4j\1.7.25\jcl-over-slf4j-1.7.25.jar;D:\Data\repository\org\slf4j\jul-to-slf4j\1.7.25\jul-to-slf4j-1.7.25.jar;D:\Data\repository\org\slf4j\log4j-over-slf4j\1.7.25\log4j-over-slf4j-1.7.25.jar;D:\Data\repository\org\yaml\snakeyaml\1.17\snakeyaml-1.17.jar;D:\Data\repository\org\springframework\boot\spring-boot-starter-tomcat\1.5.10.RELEASE\spring-boot-starter-tomcat-1.5.10.RELEASE.jar;D:\Data\repository\org\apache\tomcat\embed\tomcat-embed-core\8.5.27\tomcat-embed-core-8.5.27.jar;D:\Data\repository\org\apache\tomcat\tomcat-annotations-api\8.5.27\tomcat-annotations-api-8.5.27.jar;D:\Data\repository\org\apache\tomcat\embed\tomcat-embed-el\8.5.27\tomcat-embed-el-8.5.27.jar;D:\Data\repository\org\apache\tomcat\embed\tomcat-embed-websocket\8.5.27\tomcat-embed-websocket-8.5.27.jar;D:\Data\repository\org\hibernate\hibernate-validator\5.3.6.Final\hibernate-validator-5.3.6.Final.jar;D:\Data\repository\javax\validation\validation-api\1.1.0.Final\validation-api-1.1.0.Final.jar;D:\Data\repository\org\jboss\logging\jboss-logging\3.3.1.Final\jboss-logging-3.3.1.Final.jar;D:\Data\repository\com\fasterxml\classmate\1.3.4\classmate-1.3.4.jar;D:\Data\repository\com\fasterxml\jackson\core\jackson-databind\2.8.10\jackson-databind-2.8.10.jar;D:\Data\repository\com\fasterxml\jackson\core\jackson-annotations\2.8.0\jackson-annotations-2.8.0.jar;D:\Data\repository\com\fasterxml\jackson\core\jackson-core\2.8.10\jackson-core-2.8.10.jar;D:\Data\repository\org\springframework\spring-web\4.3.14.RELEASE\spring-web-4.3.14.RELEASE.jar;D:\Data\repository\org\springframework\spring-aop\4.3.14.RELEASE\spring-aop-4.3.14.RELEASE.jar;D:\Data\repository\org\springframework\spring-beans\4.3.14.RELEASE\spring-beans-4.3.14.RELEASE.jar;D:\Data\repository\org\springframework\spring-context\4.3.14.RELEASE\spring-context-4.3.14.RELEASE.jar;D:\Data\repository\org\springframework\spring-webmvc\4.3.14.RELEASE\spring-webmvc-4.3.14.RELEASE.jar;D:\Data\repository\org\springframework\spring-expression\4.3.14.RELEASE\spring-expression-4.3.14.RELEASE.jar;D:\Data\repository\org\springframework\boot\spring-boot-starter-test\1.5.10.RELEASE\spring-boot-starter-test-1.5.10.RELEASE.jar;D:\Data\repository\org\springframework\boot\spring-boot-test\1.5.10.RELEASE\spring-boot-test-1.5.10.RELEASE.jar;D:\Data\repository\org\springframework\boot\spring-boot-test-autoconfigure\1.5.10.RELEASE\spring-boot-test-autoconfigure-1.5.10.RELEASE.jar;D:\Data\repository\com\jayway\jsonpath\json-path\2.2.0\json-path-2.2.0.jar;D:\Data\repository\net\minidev\json-smart\2.2.1\json-smart-2.2.1.jar;D:\Data\repository\net\minidev\accessors-smart\1.1\accessors-smart-1.1.jar;D:\Data\repository\org\ow2\asm\asm\5.0.3\asm-5.0.3.jar;D:\Data\repository\org\slf4j\slf4j-api\1.7.25\slf4j-api-1.7.25.jar;D:\Data\repository\junit\junit\4.12\junit-4.12.jar;D:\Data\repository\org\assertj\assertj-core\2.6.0\assertj-core-2.6.0.jar;D:\Data\repository\org\mockito\mockito-core\1.10.19\mockito-core-1.10.19.jar;D:\Data\repository\org\objenesis\objenesis\2.1\objenesis-2.1.jar;D:\Data\repository\org\hamcrest\hamcrest-core\1.3\hamcrest-core-1.3.jar;D:\Data\repository\org\hamcrest\hamcrest-library\1.3\hamcrest-library-1.3.jar;D:\Data\repository\org\skyscreamer\jsonassert\1.4.0\jsonassert-1.4.0.jar;D:\Data\repository\com\vaadin\external\google\android-json\0.0.20131108.vaadin1\android-json-0.0.20131108.vaadin1.jar;D:\Data\repository\org\springframework\spring-core\4.3.14.RELEASE\spring-core-4.3.14.RELEASE.jar;D:\Data\repository\org\springframework\spring-test\4.3.14.RELEASE\spring-test-4.3.14.RELEASE.jar;D:\Data\repository\org\seleniumhq\selenium\selenium-java\3.8.1\selenium-java-3.8.1.jar;D:\Data\repository\org\seleniumhq\selenium\selenium-api\2.53.1\selenium-api-2.53.1.jar;D:\Data\repository\org\seleniumhq\selenium\selenium-chrome-driver\2.53.1\selenium-chrome-driver-2.53.1.jar;D:\Data\repository\org\seleniumhq\selenium\selenium-edge-driver\2.53.1\selenium-edge-driver-2.53.1.jar;D:\Data\repository\commons-io\commons-io\2.4\commons-io-2.4.jar;D:\Data\repository\org\seleniumhq\selenium\selenium-firefox-driver\2.53.1\selenium-firefox-driver-2.53.1.jar;D:\Data\repository\org\seleniumhq\selenium\selenium-ie-driver\2.53.1\selenium-ie-driver-2.53.1.jar;D:\Data\repository\net\java\dev\jna\jna\4.2.2\jna-4.2.2.jar;D:\Data\repository\net\java\dev\jna\jna-platform\4.2.2\jna-platform-4.2.2.jar;D:\Data\repository\org\seleniumhq\selenium\selenium-opera-driver\3.8.1\selenium-opera-driver-3.8.1.jar;D:\Data\repository\org\seleniumhq\selenium\selenium-remote-driver\2.53.1\selenium-remote-driver-2.53.1.jar;D:\Data\repository\cglib\cglib-nodep\2.1_3\cglib-nodep-2.1_3.jar;D:\Data\repository\org\seleniumhq\selenium\selenium-safari-driver\2.53.1\selenium-safari-driver-2.53.1.jar;D:\Data\repository\io\netty\netty\3.5.7.Final\netty-3.5.7.Final.jar;D:\Data\repository\org\seleniumhq\selenium\selenium-support\2.53.1\selenium-support-2.53.1.jar;D:\Data\repository\net\bytebuddy\byte-buddy\1.7.5\byte-buddy-1.7.5.jar;D:\Data\repository\org\apache\commons\commons-exec\1.3\commons-exec-1.3.jar;D:\Data\repository\commons-codec\commons-codec\1.10\commons-codec-1.10.jar;D:\Data\repository\commons-logging\commons-logging\1.2\commons-logging-1.2.jar;D:\Data\repository\com\google\code\gson\gson\2.8.2\gson-2.8.2.jar;D:\Data\repository\org\apache\httpcomponents\httpclient\4.5.5\httpclient-4.5.5.jar;D:\Data\repository\org\apache\httpcomponents\httpcore\4.4.9\httpcore-4.4.9.jar;D:\Data\repository\info\cukes\cucumber-java\1.2.5\cucumber-java-1.2.5.jar;D:\Data\repository\info\cukes\cucumber-core\1.2.5\cucumber-core-1.2.5.jar;D:\Data\repository\info\cukes\cucumber-html\0.2.3\cucumber-html-0.2.3.jar;D:\Data\repository\info\cukes\cucumber-jvm-deps\1.0.5\cucumber-jvm-deps-1.0.5.jar;D:\Data\repository\info\cukes\gherkin\2.12.2\gherkin-2.12.2.jar;D:\Data\repository\info\cukes\cucumber-junit\1.2.4\cucumber-junit-1.2.4.jar;D:\Data\repository\com\google\guava\guava\22.0\guava-22.0.jar;D:\Data\repository\com\google\code\findbugs\jsr305\1.3.9\jsr305-1.3.9.jar;D:\Data\repository\com\google\errorprone\error_prone_annotations\2.0.18\error_prone_annotations-2.0.18.jar;D:\Data\repository\com\google\j2objc\j2objc-annotations\1.1\j2objc-annotations-1.1.jar;D:\Data\repository\org\codehaus\mojo\animal-sniffer-annotations\1.14\animal-sniffer-annotations-1.14.jar;D:\Data\repository\io\rest-assured\rest-assured\3.0.7\rest-assured-3.0.7.jar;D:\Data\repository\org\codehaus\groovy\groovy\2.4.13\groovy-2.4.13.jar;D:\Data\repository\org\codehaus\groovy\groovy-xml\2.4.13\groovy-xml-2.4.13.jar;D:\Data\repository\org\apache\httpcomponents\httpmime\4.5.5\httpmime-4.5.5.jar;D:\Data\repository\org\ccil\cowan\tagsoup\tagsoup\1.2.1\tagsoup-1.2.1.jar;D:\Data\repository\io\rest-assured\xml-path\3.0.7\xml-path-3.0.7.jar;D:\Data\repository\org\apache\commons\commons-lang3\3.4\commons-lang3-3.4.jar;D:\Data\repository\javax\xml\bind\jaxb-api\2.2.12\jaxb-api-2.2.12.jar;D:\Data\repository\io\rest-assured\json-path\3.0.7\json-path-3.0.7.jar;D:\Data\repository\org\codehaus\groovy\groovy-json\2.4.13\groovy-json-2.4.13.jar;D:\Data\repository\io\rest-assured\rest-assured-common\3.0.7\rest-assured-common-3.0.7.jar;"/>
    <property name="sun.cpu.endian" value="little"/>
    <property name="user.home" value="D:\Users\jraju"/>
    <property name="user.language" value="en"/>
    <property name="java.specification.vendor" value="Oracle Corporation"/>
    <property name="java.home" value="C:\jdk1.8.0_102\jre"/>
    <property name="basedir" value="D:\Data\Identity\License-plate-automation"/>
    <property name="file.separator" value="\"/>
    <property name="line.separator" value="&#10;"/>
    <property name="java.vm.specification.vendor" value="Oracle Corporation"/>
    <property name="java.specification.name" value="Java Platform API Specification"/>
    <property name="java.awt.graphicsenv" value="sun.awt.Win32GraphicsEnvironment"/>
    <property name="surefire.real.class.path" value="D:\Users\jraju\AppData\Local\Temp\surefire1161474451102667644\surefirebooter6680168566747662336.jar"/>
    <property name="sun.boot.class.path" value="C:\jdk1.8.0_102\jre\lib\resources.jar;C:\jdk1.8.0_102\jre\lib\rt.jar;C:\jdk1.8.0_102\jre\lib\sunrsasign.jar;C:\jdk1.8.0_102\jre\lib\jsse.jar;C:\jdk1.8.0_102\jre\lib\jce.jar;C:\jdk1.8.0_102\jre\lib\charsets.jar;C:\jdk1.8.0_102\jre\lib\jfr.jar;C:\jdk1.8.0_102\jre\classes"/>
    <property name="user.script" value=""/>
    <property name="sun.management.compiler" value="HotSpot 64-Bit Tiered Compilers"/>
    <property name="java.runtime.version" value="1.8.0_102-b14"/>
    <property name="user.name" value="jraju"/>
    <property name="path.separator" value=";"/>
    <property name="os.version" value="6.1"/>
    <property name="java.endorsed.dirs" value="C:\jdk1.8.0_102\jre\lib\endorsed"/>
    <property name="java.runtime.name" value="Java(TM) SE Runtime Environment"/>
    <property name="file.encoding" value="Cp1252"/>
    <property name="java.vm.name" value="Java HotSpot(TM) 64-Bit Server VM"/>
    <property name="localRepository" value="D:\Data\repository"/>
    <property name="java.vendor.url.bug" value="http://bugreport.sun.com/bugreport/"/>
    <property name="java.io.tmpdir" value="D:\Users\jraju\AppData\Local\Temp\"/>
    <property name="java.version" value="1.8.0_102"/>
    <property name="user.dir" value="D:\Data\Identity\License-plate-automation"/>
    <property name="os.arch" value="amd64"/>
    <property name="java.vm.specification.name" value="Java Virtual Machine Specification"/>
    <property name="java.awt.printerjob" value="sun.awt.windows.WPrinterJob"/>
    <property name="sun.os.patch.level" value="Service Pack 1"/>
    <property name="java.library.path" value="C:\jdk1.8.0_102\jre\bin;C:\WINDOWS\Sun\Java\bin;C:\WINDOWS\system32;C:\WINDOWS;C:/Program Files/Java/jre1.8.0_161/bin/server;C:/Program Files/Java/jre1.8.0_161/bin;C:/Program Files/Java/jre1.8.0_161/lib/amd64;C:\ProgramData\Oracle\Java\javapath;C:\Program Files\Common Files\Microsoft Shared\Microsoft Online Services;C:\jdk1.8.0_102\bin;C:\apache-maven-3.3.9\bin;C:\Program Files (x86)\Common Files\Microsoft Shared\Microsoft Online Services;C:\WINDOWS\system32;C:\WINDOWS;C:\WINDOWS\System32\Wbem;C:\WINDOWS\System32\WindowsPowerShell\v1.0\;C:\WINDOWS\System32\WindowsPowerShell\v1.0\;C:\WINDOWS\System32\WindowsPowerShell\v1.0\;C:\Program Files (x86)\Skype\Phone\;D:\Data\installs\nodejs\;C:\Program Files\PuTTY\;D:\Users\jraju\AppData\Roaming\npm;C:\WINDOWS\system32;;."/>
    <property name="java.vm.info" value="mixed mode"/>
    <property name="java.vendor" value="Oracle Corporation"/>
    <property name="java.vm.version" value="25.102-b14"/>
    <property name="java.ext.dirs" value="C:\jdk1.8.0_102\jre\lib\ext;C:\WINDOWS\Sun\Java\lib\ext"/>
    <property name="sun.io.unicode.encoding" value="UnicodeLittle"/>
    <property name="java.class.version" value="52.0"/>
  </properties>
  <testcase name="verify_File_in_Drivers_Folder" classname="com.identitye2e.tech.tests.DirectoryScannerApplicationTests" time="3.59"/>
  <testcase name="verify_No_File_in_Directory" classname="com.identitye2e.tech.tests.DirectoryScannerApplicationTests" time="0.018"/>
</testsuite>